0 silly argv {
0 silly argv   _: [ 'publish' ],
0 silly argv   push: false,
0 silly argv   composed: 'publish',
0 silly argv   lernaVersion: '4.0.0',
0 silly argv   '$0': '..\\..\\AppData\\Roaming\\npm\\node_modules\\lerna\\cli.js'
0 silly argv }
1 notice cli v4.0.0
2 verbose rootPath C:\Users\weiming.chen\Desktop\lerna
3 info versioning independent
4 error JSONError: Unexpected token " " (0xA0) in JSON at position 4 while parsing near "{\n   \"name\": \"sub-packag..." in packages\cwm-First-demo-lerna\package.json
4 error
4 error [0m [90m 1 |[39m {[0m
4 error [0m[31m[1m>[22m[39m[90m 2 |[39m    [32m"name"[39m[33m:[39m [32m"sub-package-1"[39m[33m,[39m [0m
4 error [0m [90m   |[39m   [31m[1m^[22m[39m[0m
4 error [0m [90m 3 |[39m    [32m"version"[39m[33m:[39m [32m"1.0.0"[39m[33m,[39m[0m
4 error [0m [90m 4 |[39m    [32m"main"[39m[33m:[39m [32m"src/index.js"[39m[33m,[39m[0m
4 error [0m [90m 5 |[39m    [32m"scripts"[39m[33m:[39m {[0m
4 error
4 error     at parseJson (C:\Users\weiming.chen\AppData\Roaming\npm\node_modules\lerna\node_modules\parse-json\index.js:29:21)
4 error     at parse (C:\Users\weiming.chen\AppData\Roaming\npm\node_modules\lerna\node_modules\load-json-file\index.js:15:9)
4 error     at module.exports (C:\Users\weiming.chen\AppData\Roaming\npm\node_modules\lerna\node_modules\load-json-file\index.js:18:47)
